<?xml version="1.0" encoding="UTF-8"?>
<testsuite name="com.caremonitor.model.CaregiverTest" tests="4" skipped="0" failures="0" errors="0" timestamp="2025-06-12T08:54:21.225Z" hostname="ARVYNO-777" time="0.065">
  <properties/>
  <testcase name="testPatientManagement()" classname="com.caremonitor.model.CaregiverTest" time="0.003"/>
  <testcase name="testToString()" classname="com.caremonitor.model.CaregiverTest" time="0.054"/>
  <testcase name="testSettersAndGetters()" classname="com.caremonitor.model.CaregiverTest" time="0.003"/>
  <testcase name="testCaregiverConstructorWithParameters()" classname="com.caremonitor.model.CaregiverTest" time="0.001"/>
  <system-out><![CDATA[]]></system-out>
  <system-err><![CDATA[]]></system-err>
</testsuite>
