<?xml version="1.0" encoding="UTF-8"?>
<testsuite name="com.caremonitor.model.PatientTest" tests="6" skipped="0" failures="0" errors="0" timestamp="2025-06-12T08:54:21.386Z" hostname="ARVYNO-777" time="0.036">
  <properties/>
  <testcase name="testToString()" classname="com.caremonitor.model.PatientTest" time="0.006"/>
  <testcase name="testSettersAndGetters()" classname="com.caremonitor.model.PatientTest" time="0.001"/>
  <testcase name="testHashCode()" classname="com.caremonitor.model.PatientTest" time="0.006"/>
  <testcase name="testCaregiverAssignment()" classname="com.caremonitor.model.PatientTest" time="0.002"/>
  <testcase name="testEquals()" classname="com.caremonitor.model.PatientTest" time="0.002"/>
  <testcase name="testPatientConstructorWithParameters()" classname="com.caremonitor.model.PatientTest" time="0.001"/>
  <system-out><![CDATA[]]></system-out>
  <system-err><![CDATA[]]></system-err>
</testsuite>
