<?xml version="1.0" encoding="UTF-8"?>
<testsuite name="com.caremonitor.model.FamilyTest" tests="4" skipped="0" failures="0" errors="0" timestamp="2025-06-12T08:54:21.326Z" hostname="ARVYNO-777" time="0.034">
  <properties/>
  <testcase name="testToString()" classname="com.caremonitor.model.FamilyTest" time="0.008"/>
  <testcase name="testSettersAndGetters()" classname="com.caremonitor.model.FamilyTest" time="0.003"/>
  <testcase name="testFamilyConstructorWithParameters()" classname="com.caremonitor.model.FamilyTest" time="0.001"/>
  <testcase name="testPatientAssignment()" classname="com.caremonitor.model.FamilyTest" time="0.002"/>
  <system-out><![CDATA[]]></system-out>
  <system-err><![CDATA[]]></system-err>
</testsuite>
