<?xml version="1.0" encoding="UTF-8"?>
<testsuite name="com.caremonitor.model.CriticalParameterTest" tests="6" skipped="0" failures="0" errors="0" timestamp="2025-06-12T08:54:21.302Z" hostname="ARVYNO-777" time="0.02">
  <properties/>
  <testcase name="testSettersAndGetters()" classname="com.caremonitor.model.CriticalParameterTest" time="0.003"/>
  <testcase name="testIsTemperatureNormal()" classname="com.caremonitor.model.CriticalParameterTest" time="0.002"/>
  <testcase name="testIsBloodPressureNormal()" classname="com.caremonitor.model.CriticalParameterTest" time="0.002"/>
  <testcase name="testCriticalParameterConstructorWithPatientId()" classname="com.caremonitor.model.CriticalParameterTest" time="0.0"/>
  <testcase name="testDefaultConstructorSetsTimestamp()" classname="com.caremonitor.model.CriticalParameterTest" time="0.002"/>
  <testcase name="testIsHeartRateNormal()" classname="com.caremonitor.model.CriticalParameterTest" time="0.002"/>
  <system-out><![CDATA[]]></system-out>
  <system-err><![CDATA[]]></system-err>
</testsuite>
