<?xml version="1.0" encoding="UTF-8"?>
<testsuite name="com.caremonitor.model.HealthDataTest" tests="5" skipped="0" failures="0" errors="0" timestamp="2025-06-12T08:54:21.364Z" hostname="ARVYNO-777" time="0.017">
  <properties/>
  <testcase name="testHeartRateIntCompatibility()" classname="com.caremonitor.model.HealthDataTest" time="0.001"/>
  <testcase name="testSettersAndGetters()" classname="com.caremonitor.model.HealthDataTest" time="0.004"/>
  <testcase name="testTimestampCompatibility()" classname="com.caremonitor.model.HealthDataTest" time="0.003"/>
  <testcase name="testDefaultConstructorSetsTimestamp()" classname="com.caremonitor.model.HealthDataTest" time="0.002"/>
  <testcase name="testHealthDataConstructorWithParameters()" classname="com.caremonitor.model.HealthDataTest" time="0.001"/>
  <system-out><![CDATA[]]></system-out>
  <system-err><![CDATA[]]></system-err>
</testsuite>
